c:\users\colton\documents\spoopyshooter\spoopyshooter\debug\vc140.pdb
c:\users\colton\documents\spoopyshooter\spoopyshooter\debug\vc140.idb
c:\users\colton\documents\spoopyshooter\spoopyshooter\debug\camera.obj
c:\users\colton\documents\spoopyshooter\spoopyshooter\debug\dxcore.obj
c:\users\colton\documents\spoopyshooter\spoopyshooter\debug\emitter.obj
c:\users\colton\documents\spoopyshooter\spoopyshooter\debug\entity.obj
c:\users\colton\documents\spoopyshooter\spoopyshooter\debug\game.obj
c:\users\colton\documents\spoopyshooter\spoopyshooter\debug\main.obj
c:\users\colton\documents\spoopyshooter\spoopyshooter\debug\material.obj
c:\users\colton\documents\spoopyshooter\spoopyshooter\debug\mesh.obj
c:\users\colton\documents\spoopyshooter\spoopyshooter\debug\node.obj
c:\users\colton\documents\spoopyshooter\spoopyshooter\debug\player.obj
c:\users\colton\documents\spoopyshooter\spoopyshooter\debug\simpleshader.obj
c:\users\colton\documents\spoopyshooter\spoopyshooter\debug\smokeemitter.obj
c:\users\colton\documents\spoopyshooter\spoopyshooter\debug\target.obj
c:\users\colton\documents\spoopyshooter\spoopyshooter\debug\terrain.obj
c:\users\colton\documents\spoopyshooter\spoopyshooter\debug\particleps.cso
c:\users\colton\documents\spoopyshooter\spoopyshooter\debug\particlevs.cso
c:\users\colton\documents\spoopyshooter\spoopyshooter\debug\pixelshader.cso
c:\users\colton\documents\spoopyshooter\spoopyshooter\debug\skyps.cso
c:\users\colton\documents\spoopyshooter\spoopyshooter\debug\skyvs.cso
c:\users\colton\documents\spoopyshooter\spoopyshooter\debug\vertexshader.cso
c:\users\colton\documents\spoopyshooter\spoopyshooter\debug\dx11starter.ilk
c:\users\colton\documents\spoopyshooter\spoopyshooter\debug\dx11starter.exe
c:\users\colton\documents\spoopyshooter\spoopyshooter\debug\dx11starter.pdb
c:\users\colton\documents\spoopyshooter\spoopyshooter\debug\dx11starter.tlog\cl.command.1.tlog
c:\users\colton\documents\spoopyshooter\spoopyshooter\debug\dx11starter.tlog\cl.read.1.tlog
c:\users\colton\documents\spoopyshooter\spoopyshooter\debug\dx11starter.tlog\cl.write.1.tlog
c:\users\colton\documents\spoopyshooter\spoopyshooter\debug\dx11starter.tlog\dx11starter.write.1u.tlog
c:\users\colton\documents\spoopyshooter\spoopyshooter\debug\dx11starter.tlog\fxc.command.1.tlog
c:\users\colton\documents\spoopyshooter\spoopyshooter\debug\dx11starter.tlog\fxc.read.1.tlog
c:\users\colton\documents\spoopyshooter\spoopyshooter\debug\dx11starter.tlog\fxc.write.1.tlog
c:\users\colton\documents\spoopyshooter\spoopyshooter\debug\dx11starter.tlog\link.command.1.tlog
c:\users\colton\documents\spoopyshooter\spoopyshooter\debug\dx11starter.tlog\link.read.1.tlog
c:\users\colton\documents\spoopyshooter\spoopyshooter\debug\dx11starter.tlog\link.write.1.tlog
